irun(64): 15.20-s039: (c) Copyright 1995-2017 Cadence Design Systems, Inc.
TOOL:	irun(64)	15.20-s039: Started on Jan 18, 2021 at 21:05:57 CST
irun
	/home/user2/vsd20/vsd2001/all_2/system_ALL_2/./sim/top_tb.sv
	+incdir+/home/user2/vsd20/vsd2001/all_2/system_ALL_2/./src
	+incdir+/home/user2/vsd20/vsd2001/all_2/system_ALL_2/./src/AXI
	+incdir+/home/user2/vsd20/vsd2001/all_2/system_ALL_2/./src/Cache
	+incdir+/home/user2/vsd20/vsd2001/all_2/system_ALL_2/./src/CPU
	+incdir+/home/user2/vsd20/vsd2001/all_2/system_ALL_2/./src/CNN1
	+incdir+/home/user2/vsd20/vsd2001/all_2/system_ALL_2/./src/LocalBuffer
	+incdir+/home/user2/vsd20/vsd2001/all_2/system_ALL_2/./include+/home/user2/vsd20/vsd2001/all_2/system_ALL_2/./sim
	+define+prog1
	-define CYCLE=12.0
	-define MAX=1250000000
	+access+r
	+prog_path=/home/user2/vsd20/vsd2001/all_2/system_ALL_2/./sim/prog1

   User defined plus("+") options:
	+prog_path=/home/user2/vsd20/vsd2001/all_2/system_ALL_2/./sim/prog1

file: /home/user2/vsd20/vsd2001/all_2/system_ALL_2/./sim/top_tb.sv
`define CYCLE 12.0 // Cycle time
                                |
ncvlog: *W,MACNDF (/home/user2/vsd20/vsd2001/all_2/system_ALL_2/./sim/top_tb.sv,2|32): The text macro 'CYCLE' has also been defined on the command line using the -DEFINE command line option.  The compiler will ignore the definition found in the Verilog source code.
`define MAX 125000000 // Max cycle number
                                         |
ncvlog: *W,MACNDF (/home/user2/vsd20/vsd2001/all_2/system_ALL_2/./sim/top_tb.sv,4|41): The text macro 'MAX' has also been defined on the command line using the -DEFINE command line option.  The compiler will ignore the definition found in the Verilog source code.
	module worklib.ROM:v
		errors: 0, warnings: 0
	module worklib.DRAM:sv
		errors: 0, warnings: 0
    $value$plusargs("prog_path=%s", prog_path);
                  |
ncvlog: *W,NOSYST (/home/user2/vsd20/vsd2001/all_2/system_ALL_2/./sim/top_tb.sv,245|18): System function '$value$plusargs' invoked as a task. Return value will be ignored.
		  $fscanf(gf, "%h\n", GOLDEN[num]);
		        |
ncvlog: *W,NOSYST (/home/user2/vsd20/vsd2001/all_2/system_ALL_2/./sim/top_tb.sv,288|10): System function '$fscanf' invoked as a task. Return value will be ignored.
	module worklib.top_tb:sv
		errors: 0, warnings: 2
	Total errors/warnings found outside modules and primitives:
		errors: 0, warnings: 2
		Caching library 'worklib' ....... Done
	Elaborating the design hierarchy:
	Top level design units:
		$unit_0x69c2d6b1
		layer2_cnn
		layer3_maxpooling_v2
		layer4_cnn
		layer5_cnn
		layer6_maxpooling_v2
		layer7_fc
		layer7_write_mem_arbitor
		layer7_local_mem_weight
		layer2_result_one_side_mem
		layer3_result_mem
		layer4_result_mem
		layer5_result_one_side_mem
		layer6_result_mem
		top_tb
ncelab: *W,DSEMEL: This SystemVerilog design will be simulated as per IEEE 1800-2009 SystemVerilog simulation semantics. Use -disable_sem2009 option for turning off SV 2009 simulation semantics.
    $readmemh({prog_path, "/rom0.hex"}, i_ROM.Memory_byte0);
                                                         |
ncelab: *W,MEMODR (../sim/top_tb.sv,248|57): $readmem default memory order incompatible with IEEE1364.
    $readmemh({prog_path, "/rom1.hex"}, i_ROM.Memory_byte1);
                                                         |
ncelab: *W,MEMODR (../sim/top_tb.sv,249|57): $readmem default memory order incompatible with IEEE1364.
    $readmemh({prog_path, "/rom2.hex"}, i_ROM.Memory_byte2);
                                                         |
ncelab: *W,MEMODR (../sim/top_tb.sv,250|57): $readmem default memory order incompatible with IEEE1364.
    $readmemh({prog_path, "/rom3.hex"}, i_ROM.Memory_byte3);
                                                         |
ncelab: *W,MEMODR (../sim/top_tb.sv,251|57): $readmem default memory order incompatible with IEEE1364.
    $readmemh({prog_path, "/dram0.hex"}, i_DRAM.Memory_byte0);
                                                           |
ncelab: *W,MEMODR (../sim/top_tb.sv,252|59): $readmem default memory order incompatible with IEEE1364.
    $readmemh({prog_path, "/dram1.hex"}, i_DRAM.Memory_byte1);
                                                           |
ncelab: *W,MEMODR (../sim/top_tb.sv,253|59): $readmem default memory order incompatible with IEEE1364.
    $readmemh({prog_path, "/dram2.hex"}, i_DRAM.Memory_byte2);
                                                           |
ncelab: *W,MEMODR (../sim/top_tb.sv,254|59): $readmem default memory order incompatible with IEEE1364.
    $readmemh({prog_path, "/dram3.hex"}, i_DRAM.Memory_byte3);
                                                           |
ncelab: *W,MEMODR (../sim/top_tb.sv,255|59): $readmem default memory order incompatible with IEEE1364.
	Building instance overlay tables: .................... Done
	Generating native compiled code:
		worklib.AWADDR_Reg:sv <0x0f7cbf44>
			streams:   5, words:  1626
		worklib.AXI:sv <0x631902ba>
			streams:  43, words: 11496
		worklib.Arbiter_2M:sv <0x0d869e60>
			streams:   6, words:  3695
		worklib.Arbiter_3M:sv <0x5368e9be>
			streams:   6, words:  5955
		worklib.CNN_wrapper_layer1:sv <0x65315bfa>
			streams:  16, words: 22734
		worklib.CPU:sv <0x13eb5d21>
			streams:  13, words:  2479
		worklib.CPU_wrapper:sv <0x2d890946>
			streams:  57, words: 53352
		worklib.CSR:sv <0x2e4dc63d>
			streams:  45, words: 22755
		worklib.DA_process:sv <0x11fc4b21>
			streams:   5, words:  2310
		worklib.DMA:sv <0x1dc7bdd8>
			streams:  59, words: 34952
		worklib.DMA_wrapper:sv <0x51aaccc9>
			streams:  44, words: 51572
		worklib.DRAM:sv <0x1afc04f7>
			streams:  46, words: 35731
		worklib.DRAM_wrapper:sv <0x518a197d>
			streams:  14, words: 68855
		worklib.Decoder_M2S_projR:sv <0x2505ee78>
			streams:   2, words:  1715
		worklib.Decoder_M2S_projW:sv <0x507b6823>
			streams:   2, words:  1717
		worklib.DefaultSlave:sv <0x3c9d6f49>
			streams:   7, words:  4091
		worklib.EX_MEM_Reg:sv <0x64ab4ca6>
			streams:   4, words:  6902
		worklib.ID_EX_Reg:sv <0x39e58a0e>
			streams:   5, words: 11184
		worklib.IF_ID_Reg:sv <0x14d4f79d>
			streams:   7, words:  3202
		worklib.IG:sv <0x71ccc908>
			streams:   1, words:  2910
		worklib.L1C_data:sv <0x30d64bd7>
			streams:  28, words: 41564
		worklib.L1C_inst:sv <0x6120157e>
			streams:  21, words: 24917
		worklib.MEM_WB_Reg:sv <0x3838079f>
			streams:   4, words:  5393
		worklib.Mux2to1_32bit:sv <0x01f2a3f9>
			streams:   1, words:   234
		worklib.Mux3to1:sv <0x36bda3e5>
			streams:   1, words:   322
		worklib.Mux4to1:sv <0x1b6fb28e>
			streams:   1, words:   350
		worklib.Mux4to1:sv <0x213ab699>
			streams:   1, words:   410
		worklib.Mux4to1_csr:sv <0x53271592>
			streams:   1, words:  2958
		worklib.Mux5to1:sv <0x261970fe>
			streams:   1, words:   378
		worklib.ROM:v <0x38f65306>
			streams:   3, words:  1511
		worklib.ROM_wrapper:sv <0x15a0d024>
			streams:   8, words:  9930
		worklib.Read_FSM:sv <0x18b0ea55>
			streams:   3, words:  1407
		worklib.SCtrl_wrapper:sv <0x514769b3>
			streams:  16, words: 28899
		worklib.SRAM:sv <0x150c3bcf>
			streams:  61, words: 19862
		worklib.SRAM:sv <0x23fca73c>
			streams:  61, words: 19862
		worklib.SRAM_wrapper:sv <0x014f3029>
			streams:  48, words: 67076
		worklib.Write_FSM:sv <0x45e8f89a>
			streams:   3, words:  1659
		worklib.alu:sv <0x30f46e46>
			streams:   2, words:  5431
		worklib.channel8_tree_adder:sv <0x19f94a17>
			streams:   1, words:  3127
		worklib.cnn:sv <0x6c829c05>
			streams:  94, words: 24773
		worklib.compare_result:sv <0x37a37ea3>
			streams:   1, words:  5704
		worklib.control:sv <0x3d829241>
			streams:   1, words: 31951
		worklib.controller:sv <0x28d27067>
			streams:  13, words: 49558
		worklib.counter:sv <0x63bad51c>
			streams:   3, words:   904
		worklib.counter_cnn:sv <0x3faa1df8>
			streams:   3, words:   899
		worklib.counter_cnn:sv <0x682eacc6>
			streams:   3, words:   899
		worklib.counter_delay:sv <0x69a5c7d9>
			streams:   3, words:   927
		worklib.counter_dram:sv <0x35d370b9>
			streams:   3, words:   858
		worklib.counter_sram:sv <0x412c0a2d>
			streams:   3, words:   813
		worklib.data_array:sv <0x4a93a3bf>
			streams:  58, words: 57895
		worklib.dma_sram:sv <0x1d8a312d>
			streams:  59, words: 19427
		worklib.flush:sv <0x6dc5de3c>
			streams:   1, words:   280
		worklib.forwardUnit:sv <0x06f2515b>
			streams:   3, words:  2341
		worklib.forwardUnit_csr:sv <0x6cf75dc7>
			streams:   2, words:  1435
		worklib.hazard:sv <0x1dcdacbc>
			streams:   5, words:  2105
		worklib.image_set_register:sv <0x5521dc93>
			streams:   3, words:   757
		worklib.interrupt_register:sv <0x3cd110ec>
			streams:   3, words:   681
		worklib.layer1_cnn:sv <0x324ff73c>
			streams: 268, words: 220318
		worklib.layer1_result_mem:sv <0x0c2fb42a>
			streams:   5, words:  2996
		worklib.layer1_sram:sv <0x70942080>
			streams:  31, words: 67864
		worklib.layer1_systolic:sv <0x3256f1ac>
			streams:   1, words: 10630
		worklib.layer1_wrapper:sv <0x789a9d4d>
			streams:   1, words:  6144
		worklib.layer2_cnn:sv <0x1c3374e5>
			streams: 268, words: 226662
		worklib.layer2_result_one_side_mem:sv <0x2a7e1ccd>
			streams:   5, words:  3235
		worklib.layer2_systolic:sv <0x7891c9e8>
			streams:   1, words: 36791
		worklib.layer3_maxpooling_v2:sv <0x5feacae5>
			streams:  51, words: 19164
		worklib.layer3_result_mem:sv <0x125ed8ff>
			streams:   5, words:  3235
		worklib.layer3_sram:sv <0x20d91610>
			streams:  27, words: 67076
		worklib.layer3_wrapper:sv <0x531aea9f>
			streams:   1, words:  5019
		worklib.layer4_cnn:sv <0x31a877e2>
			streams: 269, words: 227045
		worklib.layer4_result_mem:sv <0x3d4ae1eb>
			streams:   5, words:  3771
		worklib.layer4_sram:sv <0x08991d29>
			streams:  27, words: 67076
		worklib.layer4_wrapper:sv <0x49621f75>
			streams:   1, words:  5019
		worklib.layer5_cnn:sv <0x5f59292f>
			streams: 269, words: 227028
		worklib.layer5_result_one_side_mem:sv <0x7a000ffd>
			streams:   5, words:  8726
		worklib.layer6_maxpooling_v2:sv <0x6ffa21dd>
			streams:  51, words: 19115
		worklib.layer6_result_mem:sv <0x7081971b>
			streams:   5, words:  8726
		worklib.layer7_fc:sv <0x42172e6f>
			streams:  43, words: 33550
		worklib.layer7_local_mem_weight:sv <0x03e530ed>
			streams:  10, words: 15366
		worklib.layer7_systolic:sv <0x573bffa7>
			streams:   3, words:  6714
		worklib.layer7_write_mem_arbitor:sv <0x1ff000e1>
			streams:   1, words:  2000
		worklib.load_unit:sv <0x0c32ca8d>
			streams:   1, words:  2796
		worklib.local_mem_bias:sv <0x613a3a2a>
			streams:   5, words:  6216
		worklib.local_mem_pixel:sv <0x3c165234>
			streams:   5, words:  6662
		worklib.local_mem_result:sv <0x38d5d3da>
			streams:   6, words:  2022
		worklib.local_mem_weight:sv <0x12ec4fbb>
			streams:  12, words: 22057
		worklib.maxpooling_2x2:sv <0x44d1498d>
			streams:   1, words:   788
		worklib.par_ARAW_MuxM2S:sv <0x3eeb0602>
			streams:   4, words:  8400
		worklib.par_ARAW_MuxM2S:sv <0x7d233a21>
			streams:   4, words:  7644
		worklib.par_B_MuxS2M:sv <0x5c7dbc03>
			streams:   4, words:  4546
		worklib.par_Decoder_S2M:sv <0x21c34886>
			streams:   1, words:   195
		worklib.par_Decoder_S2M:sv <0x761a7fb0>
			streams:   1, words:   195
		worklib.par_Decoder_S2M_ByID:sv <0x300bbf8e>
			streams:   1, words:   928
		worklib.par_Decoder_S2M_ByID:sv <0x4028e2ce>
			streams:   1, words:  1320
		worklib.par_Decoder_ready:sv <0x731138e9>
			streams:   1, words:  3064
		worklib.par_MuxM2S_ByID:sv <0x4d4a124e>
			streams:   1, words:   972
		worklib.par_MuxM2S_ByID:sv <0x5435b33c>
			streams:   1, words:   729
		worklib.par_MuxS2M_Ready:sv <0x3d0d0913>
			streams:   1, words:  2033
		worklib.par_R_MuxS2M:sv <0x37d9a84f>
			streams:   4, words:  8742
		worklib.par_Register:sv <0x0a5fa273>
			streams:   2, words:   450
		worklib.par_Register:sv <0x64653c05>
			streams:   2, words:   444
		worklib.par_Register_1b:sv <0x2fedc008>
			streams:   2, words:   401
		worklib.par_SelSlave:sv <0x07550e89>
			streams:   4, words:  2848
		worklib.par_W_MuxM2S:sv <0x4692513f>
			streams:   4, words:  4409
		worklib.par_sensor_counter:sv <0x23686c47>
			streams:   3, words:   919
		worklib.par_sensor_counter:sv <0x30e35f19>
			streams:   3, words:   919
		worklib.pc:sv <0x216a997f>
			streams:   6, words:  2026
		worklib.pixel_sram:sv <0x7ab6c0b7>
			streams: 139, words: 63960
		worklib.pixel_wrapper:sv <0x20b77bd5>
			streams:   1, words:  6226
		worklib.regfile:sv <0x3c6d73f9>
			streams:   4, words:  8130
		worklib.sensor_ctrl:sv <0x37ffa38a>
			streams:   6, words: 11995
		worklib.stage11_fifo:sv <0x21449921>
			streams:   4, words: 18234
		worklib.stage27_fifo:sv <0x6e539d69>
			streams:   4, words: 39642
		worklib.stage29_fifo:sv <0x0c88f6ae>
			streams:   4, words: 31671
		worklib.stage9_fifo:sv <0x4a0b8250>
			streams:   4, words: 19654
		worklib.store_unit:sv <0x260288b8>
			streams:   4, words:  2267
		worklib.tag_array:sv <0x5188cffe>
			streams:  34, words: 10375
		worklib.top_layer1:sv <0x1b8ba234>
			streams:   1, words:   123
		worklib.top_tb:sv <0x7b2f8f5e>
			streams:  44, words: 66434
		worklib.weight_bias_arbitor:sv <0x7309ac4e>
			streams:   2, words:  3473
		worklib.word64:sv <0x0e89844c>
			streams:  67, words: 92580
		worklib.word64_wrapper:sv <0x09dbc1b5>
			streams:   1, words:  3997
		worklib.word72:sv <0x114fde33>
			streams:  69, words: 93616
		worklib.word72_wrapper:sv <0x446b20b9>
			streams:   1, words:  4549
	Building instance specific data structures.
	Loading native compiled code:     .................... Done
	Design hierarchy summary:
		                  Instances  Unique
		Modules:                294     117
		Registers:             6431    2002
		Scalar wires:          5175       -
		Expanded wires:        3765      55
		Vectored wires:        2109       -
		Named events:             5       5
		Always blocks:          560     311
		Initial blocks:          20      20
		Cont. assignments:      571    3574
		Pseudo assignments:    1454    1419
		Assertions:               5       5
		Compilation units:        1       1
		Simulation timescale:  10ps
	Writing initial simulation snapshot: worklib.layer2_cnn:sv
Loading snapshot worklib.layer2_cnn:sv .................... Done
ncsim: *W,DSEM2009: This SystemVerilog design is simulated as per IEEE 1800-2009 SystemVerilog simulation semantics. Use -disable_sem2009 option for turning off SV 2009 simulation semantics.
*Verdi* Loading libsscore_ius152.so
ncsim> source /usr/cad/cadence/INCISIV/cur/tools/inca/files/ncsimrc
ncsim> run

Done

DRAM[262144] = 804516e7, pass
DRAM[262145] = 809eef5a, pass
DRAM[262146] = 81d019c1, pass
DRAM[262147] = 829ab2ad, pass
DRAM[262148] = 830677c7, pass
DRAM[262149] = 832a04b1, pass
DRAM[262150] = 854bae4a, pass
DRAM[262151] = 87685bca, pass
DRAM[262152] = 878f5ed0, pass
DRAM[262153] = 8858f2ff, pass
DRAM[262154] = 8883ea41, pass
DRAM[262155] = 889f9843, pass
DRAM[262156] = 890e95cf, pass
DRAM[262157] = 8a7c289b, pass
DRAM[262158] = 8b9b907e, pass
DRAM[262159] = 8d3f80db, pass
DRAM[262160] = 8da52ad2, pass
DRAM[262161] = 8dcfcf42, pass
DRAM[262162] = 90113ab1, pass
DRAM[262163] = 91eb5ff3, pass
DRAM[262164] = 92277ac2, pass
DRAM[262165] = 943d35be, pass
DRAM[262166] = 944683e4, pass
DRAM[262167] = 94534952, pass
DRAM[262168] = 95276c24, pass
DRAM[262169] = 96237ffc, pass
DRAM[262170] = 96c92ed1, pass
DRAM[262171] = 9936cdd7, pass
DRAM[262172] = 99b00d70, pass
DRAM[262173] = 9a081d02, pass
DRAM[262174] = 9c4c5b9e, pass
DRAM[262175] = 9d604ffe, pass
DRAM[262176] = 9e7946ca, pass
DRAM[262177] = a3a6f23e, pass
DRAM[262178] = a3cbe6bd, pass
DRAM[262179] = a3d9bb72, pass
DRAM[262180] = a465c678, pass
DRAM[262181] = a7e0435d, pass
DRAM[262182] = a925202f, pass
DRAM[262183] = aabfe37c, pass
DRAM[262184] = ac2077f3, pass
DRAM[262185] = ac49f5c8, pass
DRAM[262186] = af3c93e6, pass
DRAM[262187] = b065415a, pass
DRAM[262188] = b0cb0023, pass
DRAM[262189] = b0e68017, pass
DRAM[262190] = b0f45281, pass
DRAM[262191] = b12d6f91, pass
DRAM[262192] = b200cdf5, pass
DRAM[262193] = b21ec032, pass
DRAM[262194] = b2779584, pass
DRAM[262195] = b323ec06, pass
DRAM[262196] = b37acc79, pass
DRAM[262197] = b4da26dd, pass
DRAM[262198] = b6f3c3bb, pass
DRAM[262199] = b735946d, pass
DRAM[262200] = b7530cf7, pass
DRAM[262201] = b75fb8f1, pass
DRAM[262202] = b878a9d9, pass
DRAM[262203] = b907e978, pass
DRAM[262204] = b9c603ee, pass
DRAM[262205] = ba2f340f, pass
DRAM[262206] = bb97b163, pass
DRAM[262207] = be4d52f9, pass
DRAM[262208] = c096c77c, pass
DRAM[262209] = c129fcd2, pass
DRAM[262210] = c1333d4d, pass
DRAM[262211] = c33531ad, pass
DRAM[262212] = c3638209, pass
DRAM[262213] = c45b067d, pass
DRAM[262214] = c4b7596d, pass
DRAM[262215] = c5a0427b, pass
DRAM[262216] = c7499249, pass
DRAM[262217] = cb61a1c2, pass
DRAM[262218] = cb7c6a98, pass
DRAM[262219] = cb9918d9, pass
DRAM[262220] = ccacf15d, pass
DRAM[262221] = cda6b9d4, pass
DRAM[262222] = ce628aee, pass
DRAM[262223] = cf3a5bec, pass
DRAM[262224] = d008f8b0, pass
DRAM[262225] = d00cf01c, pass
DRAM[262226] = d05a15bd, pass
DRAM[262227] = d220b09c, pass
DRAM[262228] = d393f072, pass
DRAM[262229] = d563a5f6, pass
DRAM[262230] = d58b95fd, pass
DRAM[262231] = d5c17dd9, pass
DRAM[262232] = d5da91c1, pass
DRAM[262233] = d61bb60d, pass
DRAM[262234] = d6339079, pass
DRAM[262235] = d6d6ce78, pass
DRAM[262236] = d767f63b, pass
DRAM[262237] = d9183e6d, pass
DRAM[262238] = d95081aa, pass
DRAM[262239] = d96cdb6c, pass
DRAM[262240] = d9b8caf9, pass
DRAM[262241] = db46e978, pass
DRAM[262242] = dbe83baa, pass
DRAM[262243] = dc556926, pass
DRAM[262244] = dd28fe60, pass
DRAM[262245] = dda76382, pass
DRAM[262246] = dec011a9, pass
DRAM[262247] = df397ce8, pass
DRAM[262248] = e03be4a6, pass
DRAM[262249] = e2bdffa0, pass
DRAM[262250] = e51498c5, pass
DRAM[262251] = e9108f30, pass
DRAM[262252] = e97b6018, pass
DRAM[262253] = e9d12e75, pass
DRAM[262254] = eb38f08e, pass
DRAM[262255] = ec8b2d47, pass
DRAM[262256] = ec9cb7c3, pass
DRAM[262257] = ef091150, pass
DRAM[262258] = efef8eb8, pass
DRAM[262259] = f09db1c2, pass
DRAM[262260] = f1bc98cb, pass
DRAM[262261] = f3121fb1, pass
DRAM[262262] = f46032e0, pass
DRAM[262263] = f6faf19a, pass
DRAM[262264] = f80228d3, pass
DRAM[262265] = f8977796, pass
DRAM[262266] = f8b8638d, pass
DRAM[262267] = f9659a71, pass
DRAM[262268] = f9925b13, pass
DRAM[262269] = fc3c129c, pass
DRAM[262270] = fd4b4af2, pass
DRAM[262271] = fec783ff, pass
DRAM[262272] = ff685dac, pass
DRAM[262273] = ff6f688c, pass
DRAM[262274] = 00ba8d20, pass
DRAM[262275] = 01db3a8e, pass
DRAM[262276] = 01f11cd7, pass
DRAM[262277] = 024d100f, pass
DRAM[262278] = 02e78379, pass
DRAM[262279] = 039631f7, pass
DRAM[262280] = 047ed61a, pass
DRAM[262281] = 05204f06, pass
DRAM[262282] = 056323b5, pass
DRAM[262283] = 07c7ce22, pass
DRAM[262284] = 08254643, pass
DRAM[262285] = 08596271, pass
DRAM[262286] = 085dc883, pass
DRAM[262287] = 093b8b72, pass
DRAM[262288] = 0a7d159f, pass
DRAM[262289] = 0afe2b82, pass
DRAM[262290] = 0c10bacb, pass
DRAM[262291] = 0c73c2bb, pass
DRAM[262292] = 0d72f921, pass
DRAM[262293] = 0fe9ca2b, pass
DRAM[262294] = 10161113, pass
DRAM[262295] = 10c26a65, pass
DRAM[262296] = 11af1fc6, pass
DRAM[262297] = 122b689e, pass
DRAM[262298] = 12558097, pass
DRAM[262299] = 1297e53d, pass
DRAM[262300] = 15c00631, pass
DRAM[262301] = 16f3057a, pass
DRAM[262302] = 17b79fae, pass
DRAM[262303] = 1abceb73, pass
DRAM[262304] = 1c81a976, pass
DRAM[262305] = 20cd3b64, pass
DRAM[262306] = 2184a63c, pass
DRAM[262307] = 21bb200c, pass
DRAM[262308] = 21f7cf73, pass
DRAM[262309] = 2276e29b, pass
DRAM[262310] = 22c547b9, pass
DRAM[262311] = 24430819, pass
DRAM[262312] = 24c6e163, pass
DRAM[262313] = 2602d14c, pass
DRAM[262314] = 2920282f, pass
DRAM[262315] = 2b9e2364, pass
DRAM[262316] = 2cf7fa6a, pass
DRAM[262317] = 2da4f81e, pass
DRAM[262318] = 2dbe1111, pass
DRAM[262319] = 305277bd, pass
DRAM[262320] = 31032f72, pass
DRAM[262321] = 3148b944, pass
DRAM[262322] = 32eb825d, pass
DRAM[262323] = 3317e2a7, pass
DRAM[262324] = 337bde1f, pass
DRAM[262325] = 341ca1b9, pass
DRAM[262326] = 342ca475, pass
DRAM[262327] = 34edfe56, pass
DRAM[262328] = 357c58bf, pass
DRAM[262329] = 36fb82ed, pass
DRAM[262330] = 36fe53eb, pass
DRAM[262331] = 37310002, pass
DRAM[262332] = 37e43aca, pass
DRAM[262333] = 3822c230, pass
DRAM[262334] = 3a0b6be2, pass
DRAM[262335] = 3ba1c200, pass
DRAM[262336] = 3ccd5cb9, pass
DRAM[262337] = 3dc6bbba, pass
DRAM[262338] = 3e49046f, pass
DRAM[262339] = 3eb22d6c, pass
DRAM[262340] = 3f84d2a9, pass
DRAM[262341] = 407c6d88, pass
DRAM[262342] = 41a1e5c5, pass
DRAM[262343] = 425fe39a, pass
DRAM[262344] = 4572591c, pass
DRAM[262345] = 45fa5eae, pass
DRAM[262346] = 47205758, pass
DRAM[262347] = 4781be60, pass
DRAM[262348] = 4783d3ce, pass
DRAM[262349] = 48253ece, pass
DRAM[262350] = 484ad3c8, pass
DRAM[262351] = 4b04761c, pass
DRAM[262352] = 4caf5faf, pass
DRAM[262353] = 4cb99a53, pass
DRAM[262354] = 51745f69, pass
DRAM[262355] = 5252cf8c, pass
DRAM[262356] = 526bec08, pass
DRAM[262357] = 52f7a6d5, pass
DRAM[262358] = 5359c1d2, pass
DRAM[262359] = 536aac78, pass
DRAM[262360] = 54650543, pass
DRAM[262361] = 56f021c5, pass
DRAM[262362] = 57058c2b, pass
DRAM[262363] = 5bd55d81, pass
DRAM[262364] = 5c3d0410, pass
DRAM[262365] = 5d5d3ff7, pass
DRAM[262366] = 5dc754ab, pass
DRAM[262367] = 5e43eaa9, pass
DRAM[262368] = 5eec6fc9, pass
DRAM[262369] = 608fcdb7, pass
DRAM[262370] = 612e6b19, pass
DRAM[262371] = 61a2965f, pass
DRAM[262372] = 624be952, pass
DRAM[262373] = 626e0b7a, pass
DRAM[262374] = 669d403d, pass
DRAM[262375] = 68145c04, pass
DRAM[262376] = 6856382a, pass
DRAM[262377] = 691f39f8, pass
DRAM[262378] = 6a65da56, pass
DRAM[262379] = 6b000402, pass
DRAM[262380] = 6c791ad0, pass
DRAM[262381] = 6c9e1b67, pass
DRAM[262382] = 6cf5b7e8, pass
DRAM[262383] = 6d201e8c, pass
DRAM[262384] = 6dfe760d, pass
DRAM[262385] = 6f063ce9, pass
DRAM[262386] = 7000491c, pass
DRAM[262387] = 736969d2, pass
DRAM[262388] = 7522aabc, pass
DRAM[262389] = 755d29f7, pass
DRAM[262390] = 778e3d16, pass
DRAM[262391] = 78b66fc1, pass
DRAM[262392] = 7a23d3ab, pass
DRAM[262393] = 7a709029, pass
DRAM[262394] = 7c863427, pass
DRAM[262395] = 7cb65141, pass
DRAM[262396] = 7cb6b5b1, pass
DRAM[262397] = 7d25a685, pass
DRAM[262398] = 7d292a7e, pass
DRAM[262399] = 7e56322f, pass
DRAM[262400] = 816d5f90, pass
DRAM[262401] = 82f9ffdb, pass
DRAM[262402] = 84e8358a, pass
DRAM[262403] = 87237f2b, pass
DRAM[262404] = 879140ca, pass
DRAM[262405] = 8a38d105, pass
DRAM[262406] = 8a63963c, pass
DRAM[262407] = 8b0dc224, pass
DRAM[262408] = 8bd8f87a, pass
DRAM[262409] = 8da55992, pass
DRAM[262410] = 8f2bb0cb, pass
DRAM[262411] = 8f316251, pass
DRAM[262412] = 8fc8ef46, pass
DRAM[262413] = 9165d3e9, pass
DRAM[262414] = 9411a854, pass
DRAM[262415] = 95c5213e, pass
DRAM[262416] = 97251b06, pass
DRAM[262417] = 9867d156, pass
DRAM[262418] = 99c2a5c2, pass
DRAM[262419] = 99c6bbe2, pass
DRAM[262420] = 9d7b4f4e, pass
DRAM[262421] = 9e9bf93b, pass
DRAM[262422] = 9ebaaeaf, pass
DRAM[262423] = 9f1e89b1, pass
DRAM[262424] = a27c5436, pass
DRAM[262425] = a3a49f4d, pass
DRAM[262426] = a549d50b, pass
DRAM[262427] = a77805cb, pass
DRAM[262428] = a8b28890, pass
DRAM[262429] = aa11a258, pass
DRAM[262430] = aa74d4e1, pass
DRAM[262431] = ab0d0b0d, pass
DRAM[262432] = abefcff6, pass
DRAM[262433] = ac3dd1df, pass
DRAM[262434] = adaf3380, pass
DRAM[262435] = ae46535c, pass
DRAM[262436] = ae4bd540, pass
DRAM[262437] = aed63da1, pass
DRAM[262438] = af2efc3c, pass
DRAM[262439] = b0087ef5, pass
DRAM[262440] = b0ee96d2, pass
DRAM[262441] = b2194dd4, pass
DRAM[262442] = b2488eec, pass
DRAM[262443] = b39bbb45, pass
DRAM[262444] = b3d67fc4, pass
DRAM[262445] = b6d2b9f0, pass
DRAM[262446] = b70812ed, pass
DRAM[262447] = b769daab, pass
DRAM[262448] = b7a3947a, pass
DRAM[262449] = b9f43e21, pass
DRAM[262450] = ba5e8251, pass
DRAM[262451] = ba97b48e, pass
DRAM[262452] = bc335f3a, pass
DRAM[262453] = bc3701d3, pass
DRAM[262454] = bc8813fa, pass
DRAM[262455] = be91251a, pass
DRAM[262456] = bf753a73, pass
DRAM[262457] = c0d81680, pass
DRAM[262458] = c14e263c, pass
DRAM[262459] = c1805da7, pass
DRAM[262460] = c21484d4, pass
DRAM[262461] = c266bbfa, pass
DRAM[262462] = c65563c8, pass
DRAM[262463] = c68ea3fd, pass
DRAM[262464] = c852302b, pass
DRAM[262465] = c964d086, pass
DRAM[262466] = cb786976, pass
DRAM[262467] = cc072251, pass
DRAM[262468] = cc566ea3, pass
DRAM[262469] = cd293f43, pass
DRAM[262470] = cea11c8a, pass
DRAM[262471] = ceecac05, pass
DRAM[262472] = ceffcb4b, pass
DRAM[262473] = cf130054, pass
DRAM[262474] = d01c784c, pass
DRAM[262475] = d0ac992a, pass
DRAM[262476] = d2101de9, pass
DRAM[262477] = d334bd0b, pass
DRAM[262478] = d56d3776, pass
DRAM[262479] = d6c2b69f, pass
DRAM[262480] = d80a9305, pass
DRAM[262481] = d8920b30, pass
DRAM[262482] = d977436b, pass
DRAM[262483] = db1940da, pass
DRAM[262484] = dc0a8783, pass
DRAM[262485] = dc7b3745, pass
DRAM[262486] = dd265f8c, pass
DRAM[262487] = de40c98b, pass
DRAM[262488] = de850315, pass
DRAM[262489] = de8f599c, pass
DRAM[262490] = df7212e1, pass
DRAM[262491] = e0e89128, pass
DRAM[262492] = e1c84043, pass
DRAM[262493] = e2039160, pass
DRAM[262494] = e427f290, pass
DRAM[262495] = e66e28a8, pass
DRAM[262496] = e7740612, pass
DRAM[262497] = e7db111e, pass
DRAM[262498] = e84f6695, pass
DRAM[262499] = e94d0111, pass
DRAM[262500] = e9f8ce84, pass
DRAM[262501] = eab6f2f4, pass
DRAM[262502] = eb82be77, pass
DRAM[262503] = ebe85732, pass
DRAM[262504] = ec9649d2, pass
DRAM[262505] = ee11728b, pass
DRAM[262506] = f0eb6579, pass
DRAM[262507] = f0fb1c11, pass
DRAM[262508] = f1ad33a8, pass
DRAM[262509] = f2e09137, pass
DRAM[262510] = f2f35302, pass
DRAM[262511] = f4b0aa6a, pass
DRAM[262512] = f5da6d80, pass
DRAM[262513] = f5f90702, pass
DRAM[262514] = f668d013, pass
DRAM[262515] = f6a78b8d, pass
DRAM[262516] = f706eded, pass
DRAM[262517] = f938e27e, pass
DRAM[262518] = fab06542, pass
DRAM[262519] = fb2372b1, pass
DRAM[262520] = fb998b2e, pass
DRAM[262521] = fc9f7cde, pass
DRAM[262522] = fca6e0d3, pass
DRAM[262523] = fd50e173, pass
DRAM[262524] = fe2030b0, pass
DRAM[262525] = fefe92a4, pass
DRAM[262526] = 005b5367, pass
DRAM[262527] = 009f198e, pass
DRAM[262528] = 02ec63ca, pass
DRAM[262529] = 035c8b7b, pass
DRAM[262530] = 0360c22a, pass
DRAM[262531] = 0394ebe3, pass
DRAM[262532] = 05054ec0, pass
DRAM[262533] = 0574ab2e, pass
DRAM[262534] = 071ad44c, pass
DRAM[262535] = 07708115, pass
DRAM[262536] = 0841dc43, pass
DRAM[262537] = 08926de7, pass
DRAM[262538] = 09dd5344, pass
DRAM[262539] = 0abc89c5, pass
DRAM[262540] = 0b070729, pass
DRAM[262541] = 0cf264c3, pass
DRAM[262542] = 0d16c446, pass
DRAM[262543] = 0d52750b, pass
DRAM[262544] = 0d89b6bd, pass
DRAM[262545] = 0f1d5588, pass
DRAM[262546] = 0f9998f3, pass
DRAM[262547] = 0fcc9ad5, pass
DRAM[262548] = 103a5f5c, pass
DRAM[262549] = 125cf8b6, pass
DRAM[262550] = 1300dd2b, pass
DRAM[262551] = 17838070, pass
DRAM[262552] = 18812edf, pass
DRAM[262553] = 189732da, pass
DRAM[262554] = 1907b37d, pass
DRAM[262555] = 194eda64, pass
DRAM[262556] = 1c0d022a, pass
DRAM[262557] = 1d422044, pass
DRAM[262558] = 1df53fdd, pass
DRAM[262559] = 1fe663a2, pass
DRAM[262560] = 21ba22ae, pass
DRAM[262561] = 21fe558e, pass
DRAM[262562] = 220434ff, pass
DRAM[262563] = 224c2628, pass
DRAM[262564] = 23405fc0, pass
DRAM[262565] = 2586ef9f, pass
DRAM[262566] = 2692b440, pass
DRAM[262567] = 271ddfe2, pass
DRAM[262568] = 27dac01e, pass
DRAM[262569] = 2979f4ca, pass
DRAM[262570] = 2a775f48, pass
DRAM[262571] = 2a95d60e, pass
DRAM[262572] = 2b02fcc2, pass
DRAM[262573] = 2b698796, pass
DRAM[262574] = 2b8ba29f, pass
DRAM[262575] = 2b9fb541, pass
DRAM[262576] = 2c651e55, pass
DRAM[262577] = 2d8b82af, pass
DRAM[262578] = 2f778d7e, pass
DRAM[262579] = 3100256b, pass
DRAM[262580] = 31d9b384, pass
DRAM[262581] = 31ee7150, pass
DRAM[262582] = 321d4e6e, pass
DRAM[262583] = 3322ecdc, pass
DRAM[262584] = 36307acf, pass
DRAM[262585] = 369738dd, pass
DRAM[262586] = 3769024d, pass
DRAM[262587] = 383b6ed9, pass
DRAM[262588] = 3883dd72, pass
DRAM[262589] = 3886090c, pass
DRAM[262590] = 39783705, pass
DRAM[262591] = 3a5e6a61, pass
DRAM[262592] = 3b4c986b, pass
DRAM[262593] = 3c7de366, pass
DRAM[262594] = 3f61198c, pass
DRAM[262595] = 3ff50153, pass
DRAM[262596] = 4250d2f7, pass
DRAM[262597] = 426c05ee, pass
DRAM[262598] = 445f8b63, pass
DRAM[262599] = 45625cd9, pass
DRAM[262600] = 45fd0404, pass
DRAM[262601] = 46b76f71, pass
DRAM[262602] = 47458bf0, pass
DRAM[262603] = 47f52487, pass
DRAM[262604] = 4812aca2, pass
DRAM[262605] = 48fee46c, pass
DRAM[262606] = 4b9df8be, pass
DRAM[262607] = 4bc1478e, pass
DRAM[262608] = 4d258407, pass
DRAM[262609] = 4ddd1112, pass
DRAM[262610] = 4e602029, pass
DRAM[262611] = 4f487a8b, pass
DRAM[262612] = 4f8b1153, pass
DRAM[262613] = 4fa76d68, pass
DRAM[262614] = 514725ed, pass
DRAM[262615] = 52faa0dd, pass
DRAM[262616] = 53bb47e3, pass
DRAM[262617] = 5441a91d, pass
DRAM[262618] = 54a542e3, pass
DRAM[262619] = 54c54715, pass
DRAM[262620] = 5530778e, pass
DRAM[262621] = 5573dd5c, pass
DRAM[262622] = 5755cd6a, pass
DRAM[262623] = 598f7a6a, pass
DRAM[262624] = 5992399a, pass
DRAM[262625] = 5b43a5dc, pass
DRAM[262626] = 5c1f7dda, pass
DRAM[262627] = 5c3ab935, pass
DRAM[262628] = 5cf67238, pass
DRAM[262629] = 5e307b41, pass
DRAM[262630] = 5e53324c, pass
DRAM[262631] = 5f54004e, pass
DRAM[262632] = 6162b772, pass
DRAM[262633] = 63affcdb, pass
DRAM[262634] = 69234ed3, pass
DRAM[262635] = 6938a51e, pass
DRAM[262636] = 6950bf59, pass
DRAM[262637] = 6a3d1b10, pass
DRAM[262638] = 6d8cad2c, pass
DRAM[262639] = 6e8e634f, pass
DRAM[262640] = 6ef85367, pass
DRAM[262641] = 6fad0615, pass
DRAM[262642] = 6ff7dd12, pass
DRAM[262643] = 71b5b45c, pass
DRAM[262644] = 725bd941, pass
DRAM[262645] = 72ed3d97, pass
DRAM[262646] = 732d0a20, pass
DRAM[262647] = 74922e34, pass
DRAM[262648] = 769119f4, pass
DRAM[262649] = 76d27fce, pass
DRAM[262650] = 79228332, pass
DRAM[262651] = 795a4223, pass
DRAM[262652] = 7a03b8b1, pass
DRAM[262653] = 7b401a5e, pass
DRAM[262654] = 7b8376ef, pass
DRAM[262655] = 7bb68171, pass




        ****************************               
        **                        **       |__||  
        **  Congratulations !!    **      / O.O  | 
        **                        **    /_____   | 
        **  Simulation PASS!!     **   /^ ^ ^ \  |
        **                        **  |^ ^ ^ ^ |w| 
        ****************************   \m___m__|_|


cycle high 32bits = [          0 ]
cycle low 32bits = [    7902139 ] 
instruction high 32bits = [          0 ] 
instruction low 32bits = [    2060633 ] 
Simulation complete via $finish(1) at time 94826856 NS + 0
../sim/top_tb.sv:486     $finish;
ncsim> exit
TOOL:	irun(64)	15.20-s039: Exiting on Jan 18, 2021 at 21:07:42 CST  (total: 00:01:45)
